"drag-rfile"
"Iteration" "drag"
("Iteration" "drag")
4190 0.01744010453393045
4191 0.06158155459195366
4192 0.06066438392895102
4193 0.04734417166217639
4194 0.04052648976900704
4195 0.03286119704192789
4196 0.02861502806647219
4197 0.02505337089049858
4198 0.02374712777766702
4199 0.02235134116968395
4200 0.0219387653754796
4201 0.02126543766636143
4202 0.02117854028456749
4203 0.02095461606620547
4204 0.02100400443617935
4205 0.0210327267224986
4206 0.02095600649500851
4207 0.0211506692018793
4208 0.02120849615049063
4209 0.02134296224947495
4210 0.02149483174015175
4211 0.02175258090674901
4212 0.02199670422541865
4213 0.02220173804659363
4214 0.02241313602346861
4215 0.02254485271894673
4216 0.02264994897527677
4217 0.0226624891633629
4218 0.02264623615469374
4219 0.02259537814607784
4220 0.02252523946641773
4221 0.02244002888599257
4222 0.02234628199322265
4223 0.02225432690331089
4224 0.02219619142198456
4225 0.02212990625017157
4226 0.0220451205901366
4227 0.0219739070903344
4228 0.02190057269560441
4229 0.02183848245942039
4230 0.02177791846173048
4231 0.02172825795955401
4232 0.02168165005435824
4233 0.02164524082439823
4234 0.02161568220420558
4235 0.02159437103259439
4236 0.02158097616703614
4237 0.02157329218158526
4238 0.02157255350782555
4239 0.0215751072503627
4240 0.02158251526900869
4241 0.02159501829883868
4242 0.02160987704131364
4243 0.02162268545187428
4244 0.0216349855319613
4245 0.02164484112206578
4246 0.0216526872481114
4247 0.02165763024102296
4248 0.02166171509182226
4249 0.02166323985964957
4250 0.02166347828047745
4251 0.02166250015705897
4252 0.02166083035872083
4253 0.02165814485188822
4254 0.02165494562083901
4255 0.02165109946051809
4256 0.02164716272555741
4257 0.02164289909958617
4258 0.02163906228204591
4259 0.02163511926024349
4260 0.02163200024596176
4261 0.02162888466337046
4262 0.02162679456241521
4263 0.02162472635008601
4264 0.02162370562220017
4265 0.02162264824395395
4266 0.02162252342286528
4267 0.02162224325226229
4268 0.02162282059090085
4269 0.02162321837944455
4270 0.02162437892108401
4271 0.02162524333057853
4272 0.02162670861005964
4273 0.02162772716589153
4274 0.02162920008085547
4275 0.02163011257658677
4276 0.02163139650145267
4277 0.02163206793148787
4278 0.0216330875879651
4279 0.02163348795703399
4280 0.02163424728682398
4281 0.02163440632007256
4282 0.0216349524158341
4283 0.02163492669434128
4284 0.02163531700395932
4285 0.02163516334491822
4286 0.02163545030201202
4287 0.02163521374587382
4288 0.02163544046905802
4289 0.02163516604045237
4290 0.02163537304973981
4291 0.02163509503884566
4292 0.02163531244117455
4293 0.02163505830583286
4294 0.02163531017248105
4295 0.02163509793708892
4296 0.02163539651013814
4297 0.02163523138250879
4298 0.02163557297880072
4299 0.02163544497280189
4300 0.02163581744759079
4301 0.02163571267180751
4302 0.02163609901900799
4303 0.0216359996111116
4304 0.0216363841741737
4305 0.02163627714980286
4306 0.0216366494242535
4307 0.02163652667834998
4308 0.02163688087382335
4309 0.02163673850493305
4310 0.02163707160186347
4311 0.02163690796277261
4312 0.02163722230814315
4313 0.02163704220250594
4314 0.02163734121371414
4315 0.02163714663099808
4316 0.02163743174022535
4317 0.02163722418663566
4318 0.0216374970296564
4319 0.02163727773462495
4320 0.02163753995401369
4321 0.02163731162228728
4322 0.02163756593393185
4323 0.02163733215273003
4324 0.02163758534962007
4325 0.02163735459670225
4326 0.02163761196188686
4327 0.02163738410718073
4328 0.0216376439053993
4329 0.02163741784275822
4330 0.02163767885634121
4331 0.02163745300322484
4332 0.02163771211789736
4333 0.02163748461688554
4334 0.02163774484390919
4335 0.02163752181920333
4336 0.02163778903099452
4337 0.02163757393154908
4338 0.02163784752559715
4339 0.02163763529262213
4340 0.0216379090403549
4341 0.02163769436919432
4342 0.02163796157512493
4343 0.02163773571079821
4344 0.02163798927251845
4345 0.0216377494081922
4346 0.02163798909640319
4347 0.02163773683623426
4348 0.0216379677356407
4349 0.02163771061790327
4350 0.0216379390842992
4351 0.02163768109233065
4352 0.0216379099499606
4353 0.02163765378374384
4354 0.02163788527401974
4355 0.02163763081451717
4356 0.02163786280200904
4357 0.02163760858301824
4358 0.02163784099247473
4359 0.02163758776428677
4360 0.02163782311447662
4361 0.0216375747982471
4362 0.02163781625245623
4363 0.02163757555423653
4364 0.02163782620567447
4365 0.02163759431461543
4366 0.02163784900805419
4367 0.02163761957673227
4368 0.02163787775188107
4369 0.02163765145425267
4370 0.02163791164554621
4371 0.0216376851605304
4372 0.02163794545988976
4373 0.02163772154623536
4374 0.02163798765260941
4375 0.02163777108983403
4376 0.02163804316403224
4377 0.02163782984546268
4378 0.02163810184696188
4379 0.02163788433870793
4380 0.02163814778243085
4381 0.02163791823535155
4382 0.02163816693272579
4383 0.02163792046273132
4384 0.02163815207285463
4385 0.02163788987874338
4386 0.02163810731579255
4387 0.02163783255552564
4388 0.02163804084819312
4389 0.0216377616072543
4390 0.02163796877141995
4391 0.02163769074133829
4392 0.02163790217630831
4393 0.02163763156879462
4394 0.02163785100319224
4395 0.02163758775834588
4396 0.02163781550408338
4397 0.02163756107551994
4398 0.02163779581477591
4399 0.02163754589957757
4400 0.02163778388448971
4401 0.02163753697280754
4402 0.02163777909138957
4403 0.0216375387295153
4404 0.02163778923668471
4405 0.02163755482979757
4406 0.02163780944318302
4407 0.02163757964884294
4408 0.02163783929019034
4409 0.02163761496830801
4410 0.0216378779222802
4411 0.02163765495538696
4412 0.02163791971628471
4413 0.02163770101998343
4414 0.0216379727911242
4415 0.02163776233996165
4416 0.02163804291775542
4417 0.02163784002296818
4418 0.02163812314028936
4419 0.02163791644964222
4420 0.021638190378072
4421 0.02163797019920768
4422 0.02163822744247203
4423 0.0216379880920116
4424 0.02163822442439552
4425 0.02163796494525268
4426 0.02163818430906939
4427 0.02163791136447022
4428 0.02163812033640171
4429 0.02163784024694518
4430 0.02163804528220657
4431 0.0216377639845897
4432 0.02163797086591521
4433 0.02163769319042813
4434 0.02163790341705497
4435 0.02163762832795699
4436 0.02163784196512204
4437 0.02163757243067201
4438 0.02163779250813023
4439 0.02163752958398733
4440 0.02163775764306215
4441 0.02163750509618438
4442 0.02163774517351569
4443 0.02163750527695505
4444 0.02163775680802026
4445 0.02163752531386035
4446 0.02163778278242155
4447 0.02163755450134821
4448 0.02163781333550495
4449 0.02163758615808983
4450 0.02163784574832234
4451 0.02163762035021091
4452 0.0216378841783178
4453 0.02163766618530257
4454 0.02163793930156011
4455 0.02163773063075655
4456 0.0216380120193948
4457 0.02163780866291633
4458 0.02163809020223962
4459 0.02163788138008677
4460 0.02163815324473893
4461 0.02163793181720412
4462 0.02163818893353155
4463 0.02163795183563095
4464 0.02163819448811442
4465 0.02163794469457211
4466 0.02163817456346366
4467 0.02163791191826318
4468 0.02163813052308763
4469 0.02163785860482189
4470 0.02163807117181875
4471 0.02163779721997452
4472 0.02163801015301892
4473 0.02163773760400616
4474 0.02163795296737047
4475 0.02163768350404723
4476 0.02163790159831364
4477 0.02163763444479256
4478 0.02163785471930428
4479 0.0216375898117358
4480 0.02163781368005261
4481 0.02163755478804232
4482 0.021637787349497
4483 0.02163753827138758
4484 0.02163777775949954
4485 0.02163753667493272
4486 0.02163778537034501
4487 0.02163755138194234
4488 0.0216378066727621
4489 0.02163757758674406
4490 0.02163783630761933
4491 0.02163761064824868
4492 0.02163787483493574
4493 0.02163765771728809
4494 0.02163793122209438
4495 0.02163772200357637
4496 0.02163800100088457
4497 0.02163779345549997
4498 0.02163806959513684
4499 0.02163785498650929
4500 0.02163812040321711
4501 0.02163789193585986
4502 0.02163814149857216
4503 0.02163789678599337
4504 0.0216381321260654
4505 0.02163787640608741
4506 0.02163810333048415
4507 0.02163784139668166
4508 0.02163806470668269
4509 0.02163780195460101
4510 0.02163802656939694
4511 0.02163776657776581
4512 0.02163799456301454
4513 0.02163773753468878
4514 0.02163796603658719
4515 0.02163770636648795
4516 0.02163793135204755
4517 0.02163766906997459
4518 0.02163789384007916
4519 0.02163763431358161
4520 0.02163786390460148
4521 0.0216376114779483
4522 0.02163785056997334
4523 0.02163760567520975
4524 0.02163784922944621
4525 0.0216376075404521
4526 0.02163785270381436
4527 0.02163761156086636
4528 0.02163785678582877
4529 0.0216376161736711
4530 0.02163786401087671
4531 0.02163762802286604
4532 0.02163788374785942
4533 0.02163765941599054
4534 0.02163792716856495
4535 0.02163771182169402
4536 0.02163805762596821
4537 0.02163806333927611
4538 0.02163821210141312
4539 0.02163817402813456
4540 0.02163831620116282
4541 0.02163823221414757
4542 0.02163835774015126
4543 0.02163820035255361
4544 0.02163811993295575
4545 0.0216381340157394
4546 0.02163809226130641
4547 0.02163812580318971
4548 0.02163808212887625
4549 0.02163813004844563
4550 0.02163824627680586
4551 0.0216378865371002
4552 0.02163818675235414
4553 0.02163788762562758
4554 0.02163819878714612
4555 0.02163796654214741
4556 0.02163829246916547
4557 0.02163809023143388
4558 0.02163840077398509
4559 0.02163820143890457
4560 0.02163848372407133
4561 0.02163827345215525
4562 0.02163852759178158
4563 0.0216382910237496
4564 0.02163851577208725
4565 0.02163825227250368
4566 0.02163845636279238
4567 0.02163817403887509
4568 0.02163836758117725
4569 0.02163807626130546
4570 0.02163827158175169
4571 0.0216379864002628
4572 0.02163819491289687
4573 0.02163792476466743
4574 0.02163814987787778
4575 0.0216378944138133
4576 0.02163813113223305
4577 0.02163788360070767
4578 0.02163812352232849
4579 0.02163787396421916
4580 0.02163810725949504
4581 0.02163785053793728
4582 0.02163807589500324
4583 0.02163781006125539
4584 0.02163802675391797
4585 0.02163775515937105
4586 0.02163796898928002
4587 0.02163769664492104
4588 0.02163791258289122
4589 0.02163764627960685
4590 0.02163787029848484
4591 0.02163761118777644
4592 0.02163784104910034
4593 0.02163758634193359
4594 0.02163781904637658
4595 0.02163756611345194
4596 0.02163780059018706
4597 0.02163755068868764
4598 0.02163779035362273
4599 0.02163754819879034
4600 0.02163779877165596
4601 0.02163756986329272
4602 0.0216378291832923
4603 0.02163760497423856
4604 0.02163786735064321
4605 0.02163764347577041
4606 0.02163790446376373
4607 0.02163767713151311
4608 0.02163793551443778
4609 0.02163770915620153
4610 0.02163797119725526
4611 0.02163774956993826
4612 0.02163801721356812
4613 0.02163780132139514
4614 0.021638073457514
4615 0.02163785898560035
4616 0.02163812690698949
4617 0.02163790268326735
4618 0.02163815758087755
4619 0.02163791803734678
4620 0.02163815642074494
4621 0.02163790058658661
4622 0.02163812400802595
4623 0.02163785498135824
4624 0.0216380678325264
4625 0.02163779113636616
4626 0.02163799907557461
4627 0.02163771871138822
4628 0.02163792453407914
4629 0.0216376463628189
4630 0.02163785712411968
4631 0.02163758422973499
4632 0.02163780084282354
4633 0.0216375344934131
4634 0.02163775742221613
4635 0.02163749653500664
4636 0.021637725794847
4637 0.02163747421676737
4638 0.02163771455989249
4639 0.02163747431809313
4640 0.02163772624335225
4641 0.02163749506797411
4642 0.02163775302398879
4643 0.02163752749331805
4644 0.02163779050517371
4645 0.02163756917437614
4646 0.02163783552871302
4647 0.02163761661407542
4648 0.02163788613676856
4649 0.02163767277642358
4650 0.02163794932208007
4651 0.02163774181327827
4652 0.02163802209071626
4653 0.02163781621588978
4654 0.0216380952516489
4655 0.02163788429201585
4656 0.02163815468906371
4657 0.02163793276512391
4658 0.02163818883129954
4659 0.02163794913146109
4660 0.02163818673648598
4661 0.02163792950192061
4662 0.02163815162335667
4663 0.02163788200352124
4664 0.02163809442880252
4665 0.0216378179175713
4666 0.02163802723036106
4667 0.02163775112606229
4668 0.02163796337162515
4669 0.02163769176894062
4670 0.02163790861099936
4671 0.02163764064141574
4672 0.02163785997298365
4673 0.02163759330222061
4674 0.02163781283481683
4675 0.02163754523081762
4676 0.02163776534606598
4677 0.02163750344149071
4678 0.02163773372309314
4679 0.0216374841497695
4680 0.02163772698532049
4681 0.02163748681310092
4682 0.02163773786143528
4683 0.02163750479234355
4684 0.02163776099216478
4685 0.02163753381488708
4686 0.02163779465851784
4687 0.02163757109716314
4688 0.02163783698987577
4689 0.02163762114628983
4690 0.02163789684150188
